<?xml version="1.0" encoding="UTF-8"?>
<!-- Generated by org.testng.reporters.JUnitReportReporter -->
<testsuite hostname="DESKTOP-59NO5IH" name="testng.Invalidlogi" tests="2" failures="0" timestamp="19 Nov 2019 06:27:51 GMT" time="27.668" errors="0">
  <testcase name="password" time="17.217" classname="testng.Invalidlogi"/>
  <testcase name="pass" time="10.451" classname="testng.Invalidlogi"/>
</testsuite> <!-- testng.Invalidlogi -->
