<?xml version="1.0" encoding="UTF-8"?>
<!-- Generated by org.testng.reporters.JUnitReportReporter -->
<testsuite hostname="DESKTOP-59NO5IH" name="testng.Sample4" tests="1" failures="0" timestamp="19 Nov 2019 06:02:52 GMT" time="0.002" errors="0">
  <testcase name="calls" time="0.002" classname="testng.Sample4"/>
</testsuite> <!-- testng.Sample4 -->
