<?xml version="1.0" encoding="UTF-8"?>
<!-- Generated by org.testng.reporters.JUnitReportReporter -->
<testsuite hostname="DESKTOP-59NO5IH" name="testng.Validlogin" tests="2" failures="0" timestamp="19 Nov 2019 06:27:51 GMT" time="22.847" errors="0">
  <testcase name="username" time="11.117" classname="testng.Validlogin"/>
  <testcase name="user" time="11.730" classname="testng.Validlogin"/>
</testsuite> <!-- testng.Validlogin -->
