<?xml version="1.0" encoding="UTF-8"?>
<!-- Generated by org.testng.reporters.JUnitReportReporter -->
<testsuite hostname="DESKTOP-59NO5IH" name="Annoatations" tests="1" failures="0" timestamp="23 Nov 2019 01:28:58 GMT" time="0.020" errors="0">
  <testcase name="login" time="0.020" classname="Annoatations"/>
</testsuite> <!-- Annoatations -->
