<?xml version="1.0" encoding="UTF-8"?>
<!-- Generated by org.testng.reporters.JUnitReportReporter -->
<testsuite hostname="DESKTOP-59NO5IH" name="testng.Sample3" tests="3" failures="0" timestamp="19 Nov 2019 06:02:52 GMT" time="0.015" errors="0">
  <testcase name="chats" time="0.013" classname="testng.Sample3"/>
  <testcase name="block" time="0.001" classname="testng.Sample3"/>
  <testcase name="settings" time="0.001" classname="testng.Sample3"/>
</testsuite> <!-- testng.Sample3 -->
